AH00112: Warning: DocumentRoot [/var/www/html] does not exist
AH00558: apache2: Could not reliably determine the server's fully qualified domain name, using 172.18.0.4. Set the 'ServerName' directive globally to suppress this message
[Tue Jan 24 22:46:42.025065 2017] [mpm_event:notice] [pid 13:tid 140377834929664] AH00489: Apache/2.4.23 (Ubuntu) configured -- resuming normal operations
[Tue Jan 24 22:46:42.032087 2017] [core:notice] [pid 13:tid 140377834929664] AH00094: Command line: '/usr/sbin/apache2 -D FOREGROUND'
AH00112: Warning: DocumentRoot [/var/www/html] does not exist
AH00558: apache2: Could not reliably determine the server's fully qualified domain name, using 172.18.0.3. Set the 'ServerName' directive globally to suppress this message
[Wed Jan 25 00:28:16.668089 2017] [mpm_event:notice] [pid 13:tid 139792479362560] AH00489: Apache/2.4.23 (Ubuntu) configured -- resuming normal operations
[Wed Jan 25 00:28:16.669703 2017] [core:notice] [pid 13:tid 139792479362560] AH00094: Command line: '/usr/sbin/apache2 -D FOREGROUND'
AH00112: Warning: DocumentRoot [/var/www/html] does not exist
AH00558: apache2: Could not reliably determine the server's fully qualified domain name, using 172.18.0.3. Set the 'ServerName' directive globally to suppress this message
[Wed Jan 25 00:32:24.633999 2017] [mpm_event:notice] [pid 13:tid 140158216973824] AH00489: Apache/2.4.23 (Ubuntu) configured -- resuming normal operations
[Wed Jan 25 00:32:24.634624 2017] [core:notice] [pid 13:tid 140158216973824] AH00094: Command line: '/usr/sbin/apache2 -D FOREGROUND'
[Wed Jan 25 00:59:57.280871 2017] [mpm_event:notice] [pid 13:tid 140158216973824] AH00494: SIGHUP received.  Attempting to restart
AH00558: apache2: Could not reliably determine the server's fully qualified domain name, using 172.18.0.3. Set the 'ServerName' directive globally to suppress this message
[Wed Jan 25 00:59:57.297899 2017] [mpm_event:notice] [pid 13:tid 140158216973824] AH00489: Apache/2.4.23 (Ubuntu) configured -- resuming normal operations
[Wed Jan 25 00:59:57.298368 2017] [core:notice] [pid 13:tid 140158216973824] AH00094: Command line: '/usr/sbin/apache2 -D FOREGROUND'
AH00112: Warning: DocumentRoot [/var/www/html] does not exist
AH00558: apache2: Could not reliably determine the server's fully qualified domain name, using 172.18.0.3. Set the 'ServerName' directive globally to suppress this message
[Wed Jan 25 01:41:16.131141 2017] [mpm_event:notice] [pid 14:tid 140707868532224] AH00489: Apache/2.4.23 (Ubuntu) configured -- resuming normal operations
[Wed Jan 25 01:41:16.136157 2017] [core:notice] [pid 14:tid 140707868532224] AH00094: Command line: '/usr/sbin/apache2 -D FOREGROUND'
AH00558: apache2: Could not reliably determine the server's fully qualified domain name, using 172.18.0.3. Set the 'ServerName' directive globally to suppress this message
[Wed Jan 25 02:21:52.364821 2017] [mpm_event:notice] [pid 7:tid 140498104376832] AH00489: Apache/2.4.23 (Ubuntu) configured -- resuming normal operations
[Wed Jan 25 02:21:52.365795 2017] [core:notice] [pid 7:tid 140498104376832] AH00094: Command line: '/usr/sbin/apache2 -D FOREGROUND'
AH00558: apache2: Could not reliably determine the server's fully qualified domain name, using 172.18.0.4. Set the 'ServerName' directive globally to suppress this message
[Wed Jan 25 02:31:13.381194 2017] [mpm_event:notice] [pid 6:tid 140209375350272] AH00489: Apache/2.4.23 (Ubuntu) configured -- resuming normal operations
[Wed Jan 25 02:31:13.381840 2017] [core:notice] [pid 6:tid 140209375350272] AH00094: Command line: '/usr/sbin/apache2 -D FOREGROUND'
